[2020-05-11 01:51:55] local.ERROR: SQLSTATE[42S01]: Base table or view already exists: 1050 Table 'products' already exists (SQL: create table `products` (`id` int unsigned not null auto_increment primary key, `name` varchar(191) not null, `description` varchar(191) not null, `units` int unsigned not null default '0', `price` double not null, `image` varchar(191) not null, `created_at` timestamp null, `updated_at` timestamp null, `deleted_at` timestamp null) default character set utf8mb4 collate utf8mb4_unicode_ci) {"exception":"[object] (Illuminate\\Database\\QueryException(code: 42S01): SQLSTATE[42S01]: Base table or view already exists: 1050 Table 'products' already exists (SQL: create table `products` (`id` int unsigned not null auto_increment primary key, `name` varchar(191) not null, `description` varchar(191) not null, `units` int unsigned not null default '0', `price` double not null, `image` varchar(191) not null, `created_at` timestamp null, `updated_at` timestamp null, `deleted_at` timestamp null) default character set utf8mb4 collate utf8mb4_unicode_ci) at G:\\BELAJAR\\LATIHAN\\LARAVEL\\e-commerce-laravel-vue\\vendor\\laravel\\framework\\src\\Illuminate\\Database\\Connection.php:664, PDOException(code: 42S01): SQLSTATE[42S01]: Base table or view already exists: 1050 Table 'products' already exists at G:\\BELAJAR\\LATIHAN\\LARAVEL\\e-commerce-laravel-vue\\vendor\\laravel\\framework\\src\\Illuminate\\Database\\Connection.php:458)
[stacktrace]
#0 G:\\BELAJAR\\LATIHAN\\LARAVEL\\e-commerce-laravel-vue\\vendor\\laravel\\framework\\src\\Illuminate\\Database\\Connection.php(624): Illuminate\\Database\\Connection->runQueryCallback('create table `p...', Array, Object(Closure))
#1 G:\\BELAJAR\\LATIHAN\\LARAVEL\\e-commerce-laravel-vue\\vendor\\laravel\\framework\\src\\Illuminate\\Database\\Connection.php(459): Illuminate\\Database\\Connection->run('create table `p...', Array, Object(Closure))
#2 G:\\BELAJAR\\LATIHAN\\LARAVEL\\e-commerce-laravel-vue\\vendor\\laravel\\framework\\src\\Illuminate\\Database\\Schema\\Blueprint.php(88): Illuminate\\Database\\Connection->statement('create table `p...')
#3 G:\\BELAJAR\\LATIHAN\\LARAVEL\\e-commerce-laravel-vue\\vendor\\laravel\\framework\\src\\Illuminate\\Database\\Schema\\Builder.php(252): Illuminate\\Database\\Schema\\Blueprint->build(Object(Illuminate\\Database\\MySqlConnection), Object(Illuminate\\Database\\Schema\\Grammars\\MySqlGrammar))
#4 G:\\BELAJAR\\LATIHAN\\LARAVEL\\e-commerce-laravel-vue\\vendor\\laravel\\framework\\src\\Illuminate\\Database\\Schema\\Builder.php(165): Illuminate\\Database\\Schema\\Builder->build(Object(Illuminate\\Database\\Schema\\Blueprint))
#5 G:\\BELAJAR\\LATIHAN\\LARAVEL\\e-commerce-laravel-vue\\vendor\\laravel\\framework\\src\\Illuminate\\Support\\Facades\\Facade.php(221): Illuminate\\Database\\Schema\\Builder->create('products', Object(Closure))
#6 G:\\BELAJAR\\LATIHAN\\LARAVEL\\e-commerce-laravel-vue\\database\\migrations\\2018_04_07_050507_create_products_table.php(25): Illuminate\\Support\\Facades\\Facade::__callStatic('create', Array)
#7 G:\\BELAJAR\\LATIHAN\\LARAVEL\\e-commerce-laravel-vue\\vendor\\laravel\\framework\\src\\Illuminate\\Database\\Migrations\\Migrator.php(359): CreateProductsTable->up()
#8 G:\\BELAJAR\\LATIHAN\\LARAVEL\\e-commerce-laravel-vue\\vendor\\laravel\\framework\\src\\Illuminate\\Database\\Migrations\\Migrator.php(366): Illuminate\\Database\\Migrations\\Migrator->Illuminate\\Database\\Migrations\\{closure}()
#9 G:\\BELAJAR\\LATIHAN\\LARAVEL\\e-commerce-laravel-vue\\vendor\\laravel\\framework\\src\\Illuminate\\Database\\Migrations\\Migrator.php(177): Illuminate\\Database\\Migrations\\Migrator->runMigration(Object(CreateProductsTable), 'up')
#10 G:\\BELAJAR\\LATIHAN\\LARAVEL\\e-commerce-laravel-vue\\vendor\\laravel\\framework\\src\\Illuminate\\Database\\Migrations\\Migrator.php(146): Illuminate\\Database\\Migrations\\Migrator->runUp('G:\\\\BELAJAR\\\\LATI...', 3, false)
#11 G:\\BELAJAR\\LATIHAN\\LARAVEL\\e-commerce-laravel-vue\\vendor\\laravel\\framework\\src\\Illuminate\\Database\\Migrations\\Migrator.php(95): Illuminate\\Database\\Migrations\\Migrator->runPending(Array, Array)
#12 G:\\BELAJAR\\LATIHAN\\LARAVEL\\e-commerce-laravel-vue\\vendor\\laravel\\framework\\src\\Illuminate\\Database\\Console\\Migrations\\MigrateCommand.php(70): Illuminate\\Database\\Migrations\\Migrator->run(Array, Array)
#13 [internal function]: Illuminate\\Database\\Console\\Migrations\\MigrateCommand->handle()
#14 G:\\BELAJAR\\LATIHAN\\LARAVEL\\e-commerce-laravel-vue\\vendor\\laravel\\framework\\src\\Illuminate\\Container\\BoundMethod.php(29): call_user_func_array(Array, Array)
#15 G:\\BELAJAR\\LATIHAN\\LARAVEL\\e-commerce-laravel-vue\\vendor\\laravel\\framework\\src\\Illuminate\\Container\\BoundMethod.php(87): Illuminate\\Container\\BoundMethod::Illuminate\\Container\\{closure}()
#16 G:\\BELAJAR\\LATIHAN\\LARAVEL\\e-commerce-laravel-vue\\vendor\\laravel\\framework\\src\\Illuminate\\Container\\BoundMethod.php(31): Illuminate\\Container\\BoundMethod::callBoundMethod(Object(Illuminate\\Foundation\\Application), Array, Object(Closure))
#17 G:\\BELAJAR\\LATIHAN\\LARAVEL\\e-commerce-laravel-vue\\vendor\\laravel\\framework\\src\\Illuminate\\Container\\Container.php(564): Illuminate\\Container\\BoundMethod::call(Object(Illuminate\\Foundation\\Application), Array, Array, NULL)
#18 G:\\BELAJAR\\LATIHAN\\LARAVEL\\e-commerce-laravel-vue\\vendor\\laravel\\framework\\src\\Illuminate\\Console\\Command.php(183): Illuminate\\Container\\Container->call(Array)
#19 G:\\BELAJAR\\LATIHAN\\LARAVEL\\e-commerce-laravel-vue\\vendor\\symfony\\console\\Command\\Command.php(252): Illuminate\\Console\\Command->execute(Object(Symfony\\Component\\Console\\Input\\ArgvInput), Object(Illuminate\\Console\\OutputStyle))
#20 G:\\BELAJAR\\LATIHAN\\LARAVEL\\e-commerce-laravel-vue\\vendor\\laravel\\framework\\src\\Illuminate\\Console\\Command.php(170): Symfony\\Component\\Console\\Command\\Command->run(Object(Symfony\\Component\\Console\\Input\\ArgvInput), Object(Illuminate\\Console\\OutputStyle))
#21 G:\\BELAJAR\\LATIHAN\\LARAVEL\\e-commerce-laravel-vue\\vendor\\symfony\\console\\Application.php(865): Illuminate\\Console\\Command->run(Object(Symfony\\Component\\Console\\Input\\ArgvInput), Object(Symfony\\Component\\Console\\Output\\ConsoleOutput))
#22 G:\\BELAJAR\\LATIHAN\\LARAVEL\\e-commerce-laravel-vue\\vendor\\symfony\\console\\Application.php(241): Symfony\\Component\\Console\\Application->doRunCommand(Object(Illuminate\\Database\\Console\\Migrations\\MigrateCommand), Object(Symfony\\Component\\Console\\Input\\ArgvInput), Object(Symfony\\Component\\Console\\Output\\ConsoleOutput))
#23 G:\\BELAJAR\\LATIHAN\\LARAVEL\\e-commerce-laravel-vue\\vendor\\symfony\\console\\Application.php(143): Symfony\\Component\\Console\\Application->doRun(Object(Symfony\\Component\\Console\\Input\\ArgvInput), Object(Symfony\\Component\\Console\\Output\\ConsoleOutput))
#24 G:\\BELAJAR\\LATIHAN\\LARAVEL\\e-commerce-laravel-vue\\vendor\\laravel\\framework\\src\\Illuminate\\Console\\Application.php(88): Symfony\\Component\\Console\\Application->run(Object(Symfony\\Component\\Console\\Input\\ArgvInput), Object(Symfony\\Component\\Console\\Output\\ConsoleOutput))
#25 G:\\BELAJAR\\LATIHAN\\LARAVEL\\e-commerce-laravel-vue\\vendor\\laravel\\framework\\src\\Illuminate\\Foundation\\Console\\Kernel.php(122): Illuminate\\Console\\Application->run(Object(Symfony\\Component\\Console\\Input\\ArgvInput), Object(Symfony\\Component\\Console\\Output\\ConsoleOutput))
#26 G:\\BELAJAR\\LATIHAN\\LARAVEL\\e-commerce-laravel-vue\\artisan(37): Illuminate\\Foundation\\Console\\Kernel->handle(Object(Symfony\\Component\\Console\\Input\\ArgvInput), Object(Symfony\\Component\\Console\\Output\\ConsoleOutput))
#27 {main}
"} 
[2020-05-11 01:54:59] local.ERROR: There are no commands defined in the "fresh" namespace. {"exception":"[object] (Symfony\\Component\\Console\\Exception\\CommandNotFoundException(code: 0): There are no commands defined in the \"fresh\" namespace. at G:\\BELAJAR\\LATIHAN\\LARAVEL\\e-commerce-laravel-vue\\vendor\\symfony\\console\\Application.php:557)
[stacktrace]
#0 G:\\BELAJAR\\LATIHAN\\LARAVEL\\e-commerce-laravel-vue\\vendor\\symfony\\console\\Application.php(597): Symfony\\Component\\Console\\Application->findNamespace('fresh')
#1 G:\\BELAJAR\\LATIHAN\\LARAVEL\\e-commerce-laravel-vue\\vendor\\symfony\\console\\Application.php(224): Symfony\\Component\\Console\\Application->find('fresh:migrate')
#2 G:\\BELAJAR\\LATIHAN\\LARAVEL\\e-commerce-laravel-vue\\vendor\\symfony\\console\\Application.php(143): Symfony\\Component\\Console\\Application->doRun(Object(Symfony\\Component\\Console\\Input\\ArgvInput), Object(Symfony\\Component\\Console\\Output\\ConsoleOutput))
#3 G:\\BELAJAR\\LATIHAN\\LARAVEL\\e-commerce-laravel-vue\\vendor\\laravel\\framework\\src\\Illuminate\\Console\\Application.php(88): Symfony\\Component\\Console\\Application->run(Object(Symfony\\Component\\Console\\Input\\ArgvInput), Object(Symfony\\Component\\Console\\Output\\ConsoleOutput))
#4 G:\\BELAJAR\\LATIHAN\\LARAVEL\\e-commerce-laravel-vue\\vendor\\laravel\\framework\\src\\Illuminate\\Foundation\\Console\\Kernel.php(122): Illuminate\\Console\\Application->run(Object(Symfony\\Component\\Console\\Input\\ArgvInput), Object(Symfony\\Component\\Console\\Output\\ConsoleOutput))
#5 G:\\BELAJAR\\LATIHAN\\LARAVEL\\e-commerce-laravel-vue\\artisan(37): Illuminate\\Foundation\\Console\\Kernel->handle(Object(Symfony\\Component\\Console\\Input\\ArgvInput), Object(Symfony\\Component\\Console\\Output\\ConsoleOutput))
#6 {main}
"} 
[2020-05-11 01:55:13] local.ERROR: There are no commands defined in the "reset" namespace. {"exception":"[object] (Symfony\\Component\\Console\\Exception\\CommandNotFoundException(code: 0): There are no commands defined in the \"reset\" namespace. at G:\\BELAJAR\\LATIHAN\\LARAVEL\\e-commerce-laravel-vue\\vendor\\symfony\\console\\Application.php:557)
[stacktrace]
#0 G:\\BELAJAR\\LATIHAN\\LARAVEL\\e-commerce-laravel-vue\\vendor\\symfony\\console\\Application.php(597): Symfony\\Component\\Console\\Application->findNamespace('reset')
#1 G:\\BELAJAR\\LATIHAN\\LARAVEL\\e-commerce-laravel-vue\\vendor\\symfony\\console\\Application.php(224): Symfony\\Component\\Console\\Application->find('reset:migrate')
#2 G:\\BELAJAR\\LATIHAN\\LARAVEL\\e-commerce-laravel-vue\\vendor\\symfony\\console\\Application.php(143): Symfony\\Component\\Console\\Application->doRun(Object(Symfony\\Component\\Console\\Input\\ArgvInput), Object(Symfony\\Component\\Console\\Output\\ConsoleOutput))
#3 G:\\BELAJAR\\LATIHAN\\LARAVEL\\e-commerce-laravel-vue\\vendor\\laravel\\framework\\src\\Illuminate\\Console\\Application.php(88): Symfony\\Component\\Console\\Application->run(Object(Symfony\\Component\\Console\\Input\\ArgvInput), Object(Symfony\\Component\\Console\\Output\\ConsoleOutput))
#4 G:\\BELAJAR\\LATIHAN\\LARAVEL\\e-commerce-laravel-vue\\vendor\\laravel\\framework\\src\\Illuminate\\Foundation\\Console\\Kernel.php(122): Illuminate\\Console\\Application->run(Object(Symfony\\Component\\Console\\Input\\ArgvInput), Object(Symfony\\Component\\Console\\Output\\ConsoleOutput))
#5 G:\\BELAJAR\\LATIHAN\\LARAVEL\\e-commerce-laravel-vue\\artisan(37): Illuminate\\Foundation\\Console\\Kernel->handle(Object(Symfony\\Component\\Console\\Input\\ArgvInput), Object(Symfony\\Component\\Console\\Output\\ConsoleOutput))
#6 {main}
"} 
[2020-05-11 01:56:59] local.ERROR: SQLSTATE[42S01]: Base table or view already exists: 1050 Table 'products' already exists (SQL: create table `products` (`id` int unsigned not null auto_increment primary key, `name` varchar(191) not null, `description` varchar(191) not null, `units` int unsigned not null default '0', `price` double not null, `image` varchar(191) not null, `created_at` timestamp null, `updated_at` timestamp null, `deleted_at` timestamp null) default character set utf8mb4 collate utf8mb4_unicode_ci) {"exception":"[object] (Illuminate\\Database\\QueryException(code: 42S01): SQLSTATE[42S01]: Base table or view already exists: 1050 Table 'products' already exists (SQL: create table `products` (`id` int unsigned not null auto_increment primary key, `name` varchar(191) not null, `description` varchar(191) not null, `units` int unsigned not null default '0', `price` double not null, `image` varchar(191) not null, `created_at` timestamp null, `updated_at` timestamp null, `deleted_at` timestamp null) default character set utf8mb4 collate utf8mb4_unicode_ci) at G:\\BELAJAR\\LATIHAN\\LARAVEL\\e-commerce-laravel-vue\\vendor\\laravel\\framework\\src\\Illuminate\\Database\\Connection.php:664, PDOException(code: 42S01): SQLSTATE[42S01]: Base table or view already exists: 1050 Table 'products' already exists at G:\\BELAJAR\\LATIHAN\\LARAVEL\\e-commerce-laravel-vue\\vendor\\laravel\\framework\\src\\Illuminate\\Database\\Connection.php:458)
[stacktrace]
#0 G:\\BELAJAR\\LATIHAN\\LARAVEL\\e-commerce-laravel-vue\\vendor\\laravel\\framework\\src\\Illuminate\\Database\\Connection.php(624): Illuminate\\Database\\Connection->runQueryCallback('create table `p...', Array, Object(Closure))
#1 G:\\BELAJAR\\LATIHAN\\LARAVEL\\e-commerce-laravel-vue\\vendor\\laravel\\framework\\src\\Illuminate\\Database\\Connection.php(459): Illuminate\\Database\\Connection->run('create table `p...', Array, Object(Closure))
#2 G:\\BELAJAR\\LATIHAN\\LARAVEL\\e-commerce-laravel-vue\\vendor\\laravel\\framework\\src\\Illuminate\\Database\\Schema\\Blueprint.php(88): Illuminate\\Database\\Connection->statement('create table `p...')
#3 G:\\BELAJAR\\LATIHAN\\LARAVEL\\e-commerce-laravel-vue\\vendor\\laravel\\framework\\src\\Illuminate\\Database\\Schema\\Builder.php(252): Illuminate\\Database\\Schema\\Blueprint->build(Object(Illuminate\\Database\\MySqlConnection), Object(Illuminate\\Database\\Schema\\Grammars\\MySqlGrammar))
#4 G:\\BELAJAR\\LATIHAN\\LARAVEL\\e-commerce-laravel-vue\\vendor\\laravel\\framework\\src\\Illuminate\\Database\\Schema\\Builder.php(165): Illuminate\\Database\\Schema\\Builder->build(Object(Illuminate\\Database\\Schema\\Blueprint))
#5 G:\\BELAJAR\\LATIHAN\\LARAVEL\\e-commerce-laravel-vue\\vendor\\laravel\\framework\\src\\Illuminate\\Support\\Facades\\Facade.php(221): Illuminate\\Database\\Schema\\Builder->create('products', Object(Closure))
#6 G:\\BELAJAR\\LATIHAN\\LARAVEL\\e-commerce-laravel-vue\\database\\migrations\\2018_04_07_050507_create_products_table.php(25): Illuminate\\Support\\Facades\\Facade::__callStatic('create', Array)
#7 G:\\BELAJAR\\LATIHAN\\LARAVEL\\e-commerce-laravel-vue\\vendor\\laravel\\framework\\src\\Illuminate\\Database\\Migrations\\Migrator.php(359): CreateProductsTable->up()
#8 G:\\BELAJAR\\LATIHAN\\LARAVEL\\e-commerce-laravel-vue\\vendor\\laravel\\framework\\src\\Illuminate\\Database\\Migrations\\Migrator.php(366): Illuminate\\Database\\Migrations\\Migrator->Illuminate\\Database\\Migrations\\{closure}()
#9 G:\\BELAJAR\\LATIHAN\\LARAVEL\\e-commerce-laravel-vue\\vendor\\laravel\\framework\\src\\Illuminate\\Database\\Migrations\\Migrator.php(177): Illuminate\\Database\\Migrations\\Migrator->runMigration(Object(CreateProductsTable), 'up')
#10 G:\\BELAJAR\\LATIHAN\\LARAVEL\\e-commerce-laravel-vue\\vendor\\laravel\\framework\\src\\Illuminate\\Database\\Migrations\\Migrator.php(146): Illuminate\\Database\\Migrations\\Migrator->runUp('G:\\\\BELAJAR\\\\LATI...', 4, false)
#11 G:\\BELAJAR\\LATIHAN\\LARAVEL\\e-commerce-laravel-vue\\vendor\\laravel\\framework\\src\\Illuminate\\Database\\Migrations\\Migrator.php(95): Illuminate\\Database\\Migrations\\Migrator->runPending(Array, Array)
#12 G:\\BELAJAR\\LATIHAN\\LARAVEL\\e-commerce-laravel-vue\\vendor\\laravel\\framework\\src\\Illuminate\\Database\\Console\\Migrations\\MigrateCommand.php(70): Illuminate\\Database\\Migrations\\Migrator->run(Array, Array)
#13 [internal function]: Illuminate\\Database\\Console\\Migrations\\MigrateCommand->handle()
#14 G:\\BELAJAR\\LATIHAN\\LARAVEL\\e-commerce-laravel-vue\\vendor\\laravel\\framework\\src\\Illuminate\\Container\\BoundMethod.php(29): call_user_func_array(Array, Array)
#15 G:\\BELAJAR\\LATIHAN\\LARAVEL\\e-commerce-laravel-vue\\vendor\\laravel\\framework\\src\\Illuminate\\Container\\BoundMethod.php(87): Illuminate\\Container\\BoundMethod::Illuminate\\Container\\{closure}()
#16 G:\\BELAJAR\\LATIHAN\\LARAVEL\\e-commerce-laravel-vue\\vendor\\laravel\\framework\\src\\Illuminate\\Container\\BoundMethod.php(31): Illuminate\\Container\\BoundMethod::callBoundMethod(Object(Illuminate\\Foundation\\Application), Array, Object(Closure))
#17 G:\\BELAJAR\\LATIHAN\\LARAVEL\\e-commerce-laravel-vue\\vendor\\laravel\\framework\\src\\Illuminate\\Container\\Container.php(564): Illuminate\\Container\\BoundMethod::call(Object(Illuminate\\Foundation\\Application), Array, Array, NULL)
#18 G:\\BELAJAR\\LATIHAN\\LARAVEL\\e-commerce-laravel-vue\\vendor\\laravel\\framework\\src\\Illuminate\\Console\\Command.php(183): Illuminate\\Container\\Container->call(Array)
#19 G:\\BELAJAR\\LATIHAN\\LARAVEL\\e-commerce-laravel-vue\\vendor\\symfony\\console\\Command\\Command.php(252): Illuminate\\Console\\Command->execute(Object(Symfony\\Component\\Console\\Input\\ArgvInput), Object(Illuminate\\Console\\OutputStyle))
#20 G:\\BELAJAR\\LATIHAN\\LARAVEL\\e-commerce-laravel-vue\\vendor\\laravel\\framework\\src\\Illuminate\\Console\\Command.php(170): Symfony\\Component\\Console\\Command\\Command->run(Object(Symfony\\Component\\Console\\Input\\ArgvInput), Object(Illuminate\\Console\\OutputStyle))
#21 G:\\BELAJAR\\LATIHAN\\LARAVEL\\e-commerce-laravel-vue\\vendor\\symfony\\console\\Application.php(865): Illuminate\\Console\\Command->run(Object(Symfony\\Component\\Console\\Input\\ArgvInput), Object(Symfony\\Component\\Console\\Output\\ConsoleOutput))
#22 G:\\BELAJAR\\LATIHAN\\LARAVEL\\e-commerce-laravel-vue\\vendor\\symfony\\console\\Application.php(241): Symfony\\Component\\Console\\Application->doRunCommand(Object(Illuminate\\Database\\Console\\Migrations\\MigrateCommand), Object(Symfony\\Component\\Console\\Input\\ArgvInput), Object(Symfony\\Component\\Console\\Output\\ConsoleOutput))
#23 G:\\BELAJAR\\LATIHAN\\LARAVEL\\e-commerce-laravel-vue\\vendor\\symfony\\console\\Application.php(143): Symfony\\Component\\Console\\Application->doRun(Object(Symfony\\Component\\Console\\Input\\ArgvInput), Object(Symfony\\Component\\Console\\Output\\ConsoleOutput))
#24 G:\\BELAJAR\\LATIHAN\\LARAVEL\\e-commerce-laravel-vue\\vendor\\laravel\\framework\\src\\Illuminate\\Console\\Application.php(88): Symfony\\Component\\Console\\Application->run(Object(Symfony\\Component\\Console\\Input\\ArgvInput), Object(Symfony\\Component\\Console\\Output\\ConsoleOutput))
#25 G:\\BELAJAR\\LATIHAN\\LARAVEL\\e-commerce-laravel-vue\\vendor\\laravel\\framework\\src\\Illuminate\\Foundation\\Console\\Kernel.php(122): Illuminate\\Console\\Application->run(Object(Symfony\\Component\\Console\\Input\\ArgvInput), Object(Symfony\\Component\\Console\\Output\\ConsoleOutput))
#26 G:\\BELAJAR\\LATIHAN\\LARAVEL\\e-commerce-laravel-vue\\artisan(37): Illuminate\\Foundation\\Console\\Kernel->handle(Object(Symfony\\Component\\Console\\Input\\ArgvInput), Object(Symfony\\Component\\Console\\Output\\ConsoleOutput))
#27 {main}
"} 
[2020-05-11 02:28:23] local.ERROR: SQLSTATE[23000]: Integrity constraint violation: 1048 Column 'address' cannot be null (SQL: insert into `orders` (`product_id`, `user_id`, `quantity`, `address`, `updated_at`, `created_at`) values (1, 2, 1, , 2020-05-11 02:28:23, 2020-05-11 02:28:23)) {"userId":2,"email":"nyacakinyacaki@gmail.com","exception":"[object] (Illuminate\\Database\\QueryException(code: 23000): SQLSTATE[23000]: Integrity constraint violation: 1048 Column 'address' cannot be null (SQL: insert into `orders` (`product_id`, `user_id`, `quantity`, `address`, `updated_at`, `created_at`) values (1, 2, 1, , 2020-05-11 02:28:23, 2020-05-11 02:28:23)) at G:\\BELAJAR\\LATIHAN\\LARAVEL\\e-commerce-laravel-vue\\vendor\\laravel\\framework\\src\\Illuminate\\Database\\Connection.php:664, PDOException(code: 23000): SQLSTATE[23000]: Integrity constraint violation: 1048 Column 'address' cannot be null at G:\\BELAJAR\\LATIHAN\\LARAVEL\\e-commerce-laravel-vue\\vendor\\laravel\\framework\\src\\Illuminate\\Database\\Connection.php:458)
[stacktrace]
#0 G:\\BELAJAR\\LATIHAN\\LARAVEL\\e-commerce-laravel-vue\\vendor\\laravel\\framework\\src\\Illuminate\\Database\\Connection.php(624): Illuminate\\Database\\Connection->runQueryCallback('insert into `or...', Array, Object(Closure))
#1 G:\\BELAJAR\\LATIHAN\\LARAVEL\\e-commerce-laravel-vue\\vendor\\laravel\\framework\\src\\Illuminate\\Database\\Connection.php(459): Illuminate\\Database\\Connection->run('insert into `or...', Array, Object(Closure))
#2 G:\\BELAJAR\\LATIHAN\\LARAVEL\\e-commerce-laravel-vue\\vendor\\laravel\\framework\\src\\Illuminate\\Database\\Connection.php(411): Illuminate\\Database\\Connection->statement('insert into `or...', Array)
#3 G:\\BELAJAR\\LATIHAN\\LARAVEL\\e-commerce-laravel-vue\\vendor\\laravel\\framework\\src\\Illuminate\\Database\\Query\\Processors\\Processor.php(32): Illuminate\\Database\\Connection->insert('insert into `or...', Array)
#4 G:\\BELAJAR\\LATIHAN\\LARAVEL\\e-commerce-laravel-vue\\vendor\\laravel\\framework\\src\\Illuminate\\Database\\Query\\Builder.php(2294): Illuminate\\Database\\Query\\Processors\\Processor->processInsertGetId(Object(Illuminate\\Database\\Query\\Builder), 'insert into `or...', Array, 'id')
#5 G:\\BELAJAR\\LATIHAN\\LARAVEL\\e-commerce-laravel-vue\\vendor\\laravel\\framework\\src\\Illuminate\\Database\\Eloquent\\Builder.php(1285): Illuminate\\Database\\Query\\Builder->insertGetId(Array, 'id')
#6 G:\\BELAJAR\\LATIHAN\\LARAVEL\\e-commerce-laravel-vue\\vendor\\laravel\\framework\\src\\Illuminate\\Database\\Eloquent\\Model.php(726): Illuminate\\Database\\Eloquent\\Builder->__call('insertGetId', Array)
#7 G:\\BELAJAR\\LATIHAN\\LARAVEL\\e-commerce-laravel-vue\\vendor\\laravel\\framework\\src\\Illuminate\\Database\\Eloquent\\Model.php(691): Illuminate\\Database\\Eloquent\\Model->insertAndSetId(Object(Illuminate\\Database\\Eloquent\\Builder), Array)
#8 G:\\BELAJAR\\LATIHAN\\LARAVEL\\e-commerce-laravel-vue\\vendor\\laravel\\framework\\src\\Illuminate\\Database\\Eloquent\\Model.php(554): Illuminate\\Database\\Eloquent\\Model->performInsert(Object(Illuminate\\Database\\Eloquent\\Builder))
#9 G:\\BELAJAR\\LATIHAN\\LARAVEL\\e-commerce-laravel-vue\\vendor\\laravel\\framework\\src\\Illuminate\\Database\\Eloquent\\Builder.php(757): Illuminate\\Database\\Eloquent\\Model->save()
#10 G:\\BELAJAR\\LATIHAN\\LARAVEL\\e-commerce-laravel-vue\\vendor\\laravel\\framework\\src\\Illuminate\\Support\\helpers.php(1043): Illuminate\\Database\\Eloquent\\Builder->Illuminate\\Database\\Eloquent\\{closure}(Object(App\\Order))
#11 G:\\BELAJAR\\LATIHAN\\LARAVEL\\e-commerce-laravel-vue\\vendor\\laravel\\framework\\src\\Illuminate\\Database\\Eloquent\\Builder.php(758): tap(Object(App\\Order), Object(Closure))
#12 G:\\BELAJAR\\LATIHAN\\LARAVEL\\e-commerce-laravel-vue\\vendor\\laravel\\framework\\src\\Illuminate\\Database\\Eloquent\\Model.php(1504): Illuminate\\Database\\Eloquent\\Builder->create(Array)
#13 G:\\BELAJAR\\LATIHAN\\LARAVEL\\e-commerce-laravel-vue\\vendor\\laravel\\framework\\src\\Illuminate\\Database\\Eloquent\\Model.php(1516): Illuminate\\Database\\Eloquent\\Model->__call('create', Array)
#14 G:\\BELAJAR\\LATIHAN\\LARAVEL\\e-commerce-laravel-vue\\app\\Http\\Controllers\\OrderController.php(34): Illuminate\\Database\\Eloquent\\Model::__callStatic('create', Array)
#15 [internal function]: App\\Http\\Controllers\\OrderController->store(Object(Illuminate\\Http\\Request))
#16 G:\\BELAJAR\\LATIHAN\\LARAVEL\\e-commerce-laravel-vue\\vendor\\laravel\\framework\\src\\Illuminate\\Routing\\Controller.php(54): call_user_func_array(Array, Array)
#17 G:\\BELAJAR\\LATIHAN\\LARAVEL\\e-commerce-laravel-vue\\vendor\\laravel\\framework\\src\\Illuminate\\Routing\\ControllerDispatcher.php(45): Illuminate\\Routing\\Controller->callAction('store', Array)
#18 G:\\BELAJAR\\LATIHAN\\LARAVEL\\e-commerce-laravel-vue\\vendor\\laravel\\framework\\src\\Illuminate\\Routing\\Route.php(212): Illuminate\\Routing\\ControllerDispatcher->dispatch(Object(Illuminate\\Routing\\Route), Object(App\\Http\\Controllers\\OrderController), 'store')
#19 G:\\BELAJAR\\LATIHAN\\LARAVEL\\e-commerce-laravel-vue\\vendor\\laravel\\framework\\src\\Illuminate\\Routing\\Route.php(169): Illuminate\\Routing\\Route->runController()
#20 G:\\BELAJAR\\LATIHAN\\LARAVEL\\e-commerce-laravel-vue\\vendor\\laravel\\framework\\src\\Illuminate\\Routing\\Router.php(659): Illuminate\\Routing\\Route->run()
#21 G:\\BELAJAR\\LATIHAN\\LARAVEL\\e-commerce-laravel-vue\\vendor\\laravel\\framework\\src\\Illuminate\\Routing\\Pipeline.php(30): Illuminate\\Routing\\Router->Illuminate\\Routing\\{closure}(Object(Illuminate\\Http\\Request))
#22 G:\\BELAJAR\\LATIHAN\\LARAVEL\\e-commerce-laravel-vue\\vendor\\laravel\\framework\\src\\Illuminate\\Routing\\Middleware\\SubstituteBindings.php(41): Illuminate\\Routing\\Pipeline->Illuminate\\Routing\\{closure}(Object(Illuminate\\Http\\Request))
#23 G:\\BELAJAR\\LATIHAN\\LARAVEL\\e-commerce-laravel-vue\\vendor\\laravel\\framework\\src\\Illuminate\\Pipeline\\Pipeline.php(149): Illuminate\\Routing\\Middleware\\SubstituteBindings->handle(Object(Illuminate\\Http\\Request), Object(Closure))
#24 G:\\BELAJAR\\LATIHAN\\LARAVEL\\e-commerce-laravel-vue\\vendor\\laravel\\framework\\src\\Illuminate\\Routing\\Pipeline.php(53): Illuminate\\Pipeline\\Pipeline->Illuminate\\Pipeline\\{closure}(Object(Illuminate\\Http\\Request))
#25 G:\\BELAJAR\\LATIHAN\\LARAVEL\\e-commerce-laravel-vue\\vendor\\laravel\\framework\\src\\Illuminate\\Auth\\Middleware\\Authenticate.php(43): Illuminate\\Routing\\Pipeline->Illuminate\\Routing\\{closure}(Object(Illuminate\\Http\\Request))
#26 G:\\BELAJAR\\LATIHAN\\LARAVEL\\e-commerce-laravel-vue\\vendor\\laravel\\framework\\src\\Illuminate\\Pipeline\\Pipeline.php(149): Illuminate\\Auth\\Middleware\\Authenticate->handle(Object(Illuminate\\Http\\Request), Object(Closure), 'api')
#27 G:\\BELAJAR\\LATIHAN\\LARAVEL\\e-commerce-laravel-vue\\vendor\\laravel\\framework\\src\\Illuminate\\Routing\\Pipeline.php(53): Illuminate\\Pipeline\\Pipeline->Illuminate\\Pipeline\\{closure}(Object(Illuminate\\Http\\Request))
#28 G:\\BELAJAR\\LATIHAN\\LARAVEL\\e-commerce-laravel-vue\\vendor\\laravel\\framework\\src\\Illuminate\\Routing\\Middleware\\ThrottleRequests.php(57): Illuminate\\Routing\\Pipeline->Illuminate\\Routing\\{closure}(Object(Illuminate\\Http\\Request))
#29 G:\\BELAJAR\\LATIHAN\\LARAVEL\\e-commerce-laravel-vue\\vendor\\laravel\\framework\\src\\Illuminate\\Pipeline\\Pipeline.php(149): Illuminate\\Routing\\Middleware\\ThrottleRequests->handle(Object(Illuminate\\Http\\Request), Object(Closure), 60, '1')
#30 G:\\BELAJAR\\LATIHAN\\LARAVEL\\e-commerce-laravel-vue\\vendor\\laravel\\framework\\src\\Illuminate\\Routing\\Pipeline.php(53): Illuminate\\Pipeline\\Pipeline->Illuminate\\Pipeline\\{closure}(Object(Illuminate\\Http\\Request))
#31 G:\\BELAJAR\\LATIHAN\\LARAVEL\\e-commerce-laravel-vue\\vendor\\laravel\\framework\\src\\Illuminate\\Pipeline\\Pipeline.php(102): Illuminate\\Routing\\Pipeline->Illuminate\\Routing\\{closure}(Object(Illuminate\\Http\\Request))
#32 G:\\BELAJAR\\LATIHAN\\LARAVEL\\e-commerce-laravel-vue\\vendor\\laravel\\framework\\src\\Illuminate\\Routing\\Router.php(661): Illuminate\\Pipeline\\Pipeline->then(Object(Closure))
#33 G:\\BELAJAR\\LATIHAN\\LARAVEL\\e-commerce-laravel-vue\\vendor\\laravel\\framework\\src\\Illuminate\\Routing\\Router.php(636): Illuminate\\Routing\\Router->runRouteWithinStack(Object(Illuminate\\Routing\\Route), Object(Illuminate\\Http\\Request))
#34 G:\\BELAJAR\\LATIHAN\\LARAVEL\\e-commerce-laravel-vue\\vendor\\laravel\\framework\\src\\Illuminate\\Routing\\Router.php(602): Illuminate\\Routing\\Router->runRoute(Object(Illuminate\\Http\\Request), Object(Illuminate\\Routing\\Route))
#35 G:\\BELAJAR\\LATIHAN\\LARAVEL\\e-commerce-laravel-vue\\vendor\\laravel\\framework\\src\\Illuminate\\Routing\\Router.php(591): Illuminate\\Routing\\Router->dispatchToRoute(Object(Illuminate\\Http\\Request))
#36 G:\\BELAJAR\\LATIHAN\\LARAVEL\\e-commerce-laravel-vue\\vendor\\laravel\\framework\\src\\Illuminate\\Foundation\\Http\\Kernel.php(176): Illuminate\\Routing\\Router->dispatch(Object(Illuminate\\Http\\Request))
#37 G:\\BELAJAR\\LATIHAN\\LARAVEL\\e-commerce-laravel-vue\\vendor\\laravel\\framework\\src\\Illuminate\\Routing\\Pipeline.php(30): Illuminate\\Foundation\\Http\\Kernel->Illuminate\\Foundation\\Http\\{closure}(Object(Illuminate\\Http\\Request))
#38 G:\\BELAJAR\\LATIHAN\\LARAVEL\\e-commerce-laravel-vue\\vendor\\fideloper\\proxy\\src\\TrustProxies.php(57): Illuminate\\Routing\\Pipeline->Illuminate\\Routing\\{closure}(Object(Illuminate\\Http\\Request))
#39 G:\\BELAJAR\\LATIHAN\\LARAVEL\\e-commerce-laravel-vue\\vendor\\laravel\\framework\\src\\Illuminate\\Pipeline\\Pipeline.php(149): Fideloper\\Proxy\\TrustProxies->handle(Object(Illuminate\\Http\\Request), Object(Closure))
#40 G:\\BELAJAR\\LATIHAN\\LARAVEL\\e-commerce-laravel-vue\\vendor\\laravel\\framework\\src\\Illuminate\\Routing\\Pipeline.php(53): Illuminate\\Pipeline\\Pipeline->Illuminate\\Pipeline\\{closure}(Object(Illuminate\\Http\\Request))
#41 G:\\BELAJAR\\LATIHAN\\LARAVEL\\e-commerce-laravel-vue\\vendor\\laravel\\framework\\src\\Illuminate\\Foundation\\Http\\Middleware\\TransformsRequest.php(30): Illuminate\\Routing\\Pipeline->Illuminate\\Routing\\{closure}(Object(Illuminate\\Http\\Request))
#42 G:\\BELAJAR\\LATIHAN\\LARAVEL\\e-commerce-laravel-vue\\vendor\\laravel\\framework\\src\\Illuminate\\Pipeline\\Pipeline.php(149): Illuminate\\Foundation\\Http\\Middleware\\TransformsRequest->handle(Object(Illuminate\\Http\\Request), Object(Closure))
#43 G:\\BELAJAR\\LATIHAN\\LARAVEL\\e-commerce-laravel-vue\\vendor\\laravel\\framework\\src\\Illuminate\\Routing\\Pipeline.php(53): Illuminate\\Pipeline\\Pipeline->Illuminate\\Pipeline\\{closure}(Object(Illuminate\\Http\\Request))
#44 G:\\BELAJAR\\LATIHAN\\LARAVEL\\e-commerce-laravel-vue\\vendor\\laravel\\framework\\src\\Illuminate\\Foundation\\Http\\Middleware\\TransformsRequest.php(30): Illuminate\\Routing\\Pipeline->Illuminate\\Routing\\{closure}(Object(Illuminate\\Http\\Request))
#45 G:\\BELAJAR\\LATIHAN\\LARAVEL\\e-commerce-laravel-vue\\vendor\\laravel\\framework\\src\\Illuminate\\Pipeline\\Pipeline.php(149): Illuminate\\Foundation\\Http\\Middleware\\TransformsRequest->handle(Object(Illuminate\\Http\\Request), Object(Closure))
#46 G:\\BELAJAR\\LATIHAN\\LARAVEL\\e-commerce-laravel-vue\\vendor\\laravel\\framework\\src\\Illuminate\\Routing\\Pipeline.php(53): Illuminate\\Pipeline\\Pipeline->Illuminate\\Pipeline\\{closure}(Object(Illuminate\\Http\\Request))
#47 G:\\BELAJAR\\LATIHAN\\LARAVEL\\e-commerce-laravel-vue\\vendor\\laravel\\framework\\src\\Illuminate\\Foundation\\Http\\Middleware\\ValidatePostSize.php(27): Illuminate\\Routing\\Pipeline->Illuminate\\Routing\\{closure}(Object(Illuminate\\Http\\Request))
#48 G:\\BELAJAR\\LATIHAN\\LARAVEL\\e-commerce-laravel-vue\\vendor\\laravel\\framework\\src\\Illuminate\\Pipeline\\Pipeline.php(149): Illuminate\\Foundation\\Http\\Middleware\\ValidatePostSize->handle(Object(Illuminate\\Http\\Request), Object(Closure))
#49 G:\\BELAJAR\\LATIHAN\\LARAVEL\\e-commerce-laravel-vue\\vendor\\laravel\\framework\\src\\Illuminate\\Routing\\Pipeline.php(53): Illuminate\\Pipeline\\Pipeline->Illuminate\\Pipeline\\{closure}(Object(Illuminate\\Http\\Request))
#50 G:\\BELAJAR\\LATIHAN\\LARAVEL\\e-commerce-laravel-vue\\vendor\\laravel\\framework\\src\\Illuminate\\Foundation\\Http\\Middleware\\CheckForMaintenanceMode.php(46): Illuminate\\Routing\\Pipeline->Illuminate\\Routing\\{closure}(Object(Illuminate\\Http\\Request))
#51 G:\\BELAJAR\\LATIHAN\\LARAVEL\\e-commerce-laravel-vue\\vendor\\laravel\\framework\\src\\Illuminate\\Pipeline\\Pipeline.php(149): Illuminate\\Foundation\\Http\\Middleware\\CheckForMaintenanceMode->handle(Object(Illuminate\\Http\\Request), Object(Closure))
#52 G:\\BELAJAR\\LATIHAN\\LARAVEL\\e-commerce-laravel-vue\\vendor\\laravel\\framework\\src\\Illuminate\\Routing\\Pipeline.php(53): Illuminate\\Pipeline\\Pipeline->Illuminate\\Pipeline\\{closure}(Object(Illuminate\\Http\\Request))
#53 G:\\BELAJAR\\LATIHAN\\LARAVEL\\e-commerce-laravel-vue\\vendor\\laravel\\framework\\src\\Illuminate\\Pipeline\\Pipeline.php(102): Illuminate\\Routing\\Pipeline->Illuminate\\Routing\\{closure}(Object(Illuminate\\Http\\Request))
#54 G:\\BELAJAR\\LATIHAN\\LARAVEL\\e-commerce-laravel-vue\\vendor\\laravel\\framework\\src\\Illuminate\\Foundation\\Http\\Kernel.php(151): Illuminate\\Pipeline\\Pipeline->then(Object(Closure))
#55 G:\\BELAJAR\\LATIHAN\\LARAVEL\\e-commerce-laravel-vue\\vendor\\laravel\\framework\\src\\Illuminate\\Foundation\\Http\\Kernel.php(116): Illuminate\\Foundation\\Http\\Kernel->sendRequestThroughRouter(Object(Illuminate\\Http\\Request))
#56 G:\\BELAJAR\\LATIHAN\\LARAVEL\\e-commerce-laravel-vue\\public\\index.php(55): Illuminate\\Foundation\\Http\\Kernel->handle(Object(Illuminate\\Http\\Request))
#57 G:\\BELAJAR\\LATIHAN\\LARAVEL\\e-commerce-laravel-vue\\server.php(21): require_once('G:\\\\BELAJAR\\\\LATI...')
#58 {main}
"} 
